{
  "0 debug pnpm:scope": {
    "selected": 1,
    "workspacePrefix": "/home/philipp/Repos/Builder"
  },
  "1 debug pnpm": {
    "isCaseSensitive": true,
    "store": "/home/philipp/.pnpm-store/2"
  },
  "2 error pnpm": {
    "message": {
      "code": "ERR_INVALID_ARG_TYPE"
    },
    "err": {
      "name": "TypeError",
      "message": "The \"from\" argument must be of type string. Received undefined",
      "code": "ERR_INVALID_ARG_TYPE",
      "stack": "TypeError [ERR_INVALID_ARG_TYPE]: The \"from\" argument must be of type string. Received undefined\n    at new NodeError (node:internal/errors:371:5)\n    at validateString (node:internal/validators:119:11)\n    at Object.relative (node:path:1191:5)\n    at Object.checkCompatibility [as default] (/home/philipp/Repos/Builder/node_modules/.pnpm/pnpm@3.8.1/node_modules/pnpm/lib/node_modules/supi/lib/getContext/checkCompatibility/index.js:12:14)\n    at /home/philipp/Repos/Builder/node_modules/.pnpm/pnpm@3.8.1/node_modules/pnpm/lib/node_modules/supi/lib/getContext/index.js:82:41\n    at Array.map (<anonymous>)\n    at validateNodeModules (/home/philipp/Repos/Builder/node_modules/.pnpm/pnpm@3.8.1/node_modules/pnpm/lib/node_modules/supi/lib/getContext/index.js:72:33)\n    at Object.getContext [as default] (/home/philipp/Repos/Builder/node_modules/.pnpm/pnpm@3.8.1/node_modules/pnpm/lib/node_modules/supi/lib/getContext/index.js:17:15)\n    at processTicksAndRejections (node:internal/process/task_queues:96:5)\n    at async Object.mutateModules (/home/philipp/Repos/Builder/node_modules/.pnpm/pnpm@3.8.1/node_modules/pnpm/lib/node_modules/supi/lib/install/index.js:75:17)"
    }
  }
}