info @storybook/react v6.4.22
info 
info => Cleaning outputDir: /var/folders/1g/0b1k7hd1185drlzhkhmv49b00000gn/T/chromatic--8855-bYi6Un1wpfko
info => Loading presets
info => Compiling manager..
info => Compiling preview..
info => Using implicit CSS loaders
info => Using default Webpack5 setup
<s> [webpack.Progress] 0% 

<s> [webpack.Progress] 1% setup before run
<s> [webpack.Progress] 1% setup before run NodeEnvironmentPlugin
<s> [webpack.Progress] 1% setup before run
<s> [webpack.Progress] 2% setup run
<s> [webpack.Progress] 2% setup run
<s> [webpack.Progress] 4% setup normal module factory
<s> [webpack.Progress] 4% setup normal module factory CaseSensitivePathsPlugin
<s> [webpack.Progress] 4% setup normal module factory
<s> [webpack.Progress] 5% setup context module factory
<s> [webpack.Progress] 5% setup context module factory
<s> [webpack.Progress] 6% setup before compile
<s> [webpack.Progress] 6% setup before compile ProgressPlugin
<s> [webpack.Progress] 6% setup before compile
<s> [webpack.Progress] 7% setup compile
<s> [webpack.Progress] 7% setup compile ExternalsPlugin
<s> [webpack.Progress] 7% setup compile
<s> [webpack.Progress] 8% setup compilation
<s> [webpack.Progress] 8% setup compilation ArrayPushCallbackChunkFormatPlugin
<s> [webpack.Progress] 8% setup compilation JsonpChunkLoadingPlugin
<s> [webpack.Progress] 8% setup compilation StartupChunkDependenciesPlugin
<s> [webpack.Progress] 8% setup compilation ImportScriptsChunkLoadingPlugin
<s> [webpack.Progress] 8% setup compilation FetchCompileWasmPlugin
<s> [webpack.Progress] 8% setup compilation FetchCompileAsyncWasmPlugin
<s> [webpack.Progress] 8% setup compilation WorkerPlugin
<s> [webpack.Progress] 8% setup compilation SplitChunksPlugin
<s> [webpack.Progress] 8% setup compilation RuntimeChunkPlugin
<s> [webpack.Progress] 8% setup compilation ResolverCachePlugin
<s> [webpack.Progress] 8% setup compilation HtmlWebpackPlugin
<s> [webpack.Progress] 8% setup compilation
<s> [webpack.Progress] 9% setup compilation
<s> [webpack.Progress] 9% setup compilation DefinePlugin
<s> [webpack.Progress] 9% setup compilation ProvidePlugin
<s> [webpack.Progress] 9% setup compilation ProgressPlugin
<s> [webpack.Progress] 9% setup compilation DocGenPlugin
<s> [webpack.Progress] 9% setup compilation ChunkPrefetchPreloadPlugin
<s> [webpack.Progress] 9% setup compilation SourceMapDevToolPlugin
<s> [webpack.Progress] 9% setup compilation JavascriptModulesPlugin
<s> [webpack.Progress] 9% setup compilation JsonModulesPlugin
<s> [webpack.Progress] 9% setup compilation AssetModulesPlugin
<s> [webpack.Progress] 9% setup compilation EntryPlugin
<s> [webpack.Progress] 9% setup compilation EntryPlugin
<s> [webpack.Progress] 9% setup compilation EntryPlugin
<s> [webpack.Progress] 9% setup compilation EntryPlugin
<s> [webpack.Progress] 9% setup compilation EntryPlugin
<s> [webpack.Progress] 9% setup compilation EntryPlugin
<s> [webpack.Progress] 9% setup compilation EntryPlugin
<s> [webpack.Progress] 9% setup compilation EntryPlugin
<s> [webpack.Progress] 9% setup compilation EntryPlugin
<s> [webpack.Progress] 9% setup compilation EntryPlugin
<s> [webpack.Progress] 9% setup compilation EntryPlugin
<s> [webpack.Progress] 9% setup compilation EntryPlugin
<s> [webpack.Progress] 9% setup compilation EntryPlugin
<s> [webpack.Progress] 9% setup compilation EntryPlugin
<s> [webpack.Progress] 9% setup compilation EntryPlugin
<s> [webpack.Progress] 9% setup compilation EntryPlugin
<s> [webpack.Progress] 9% setup compilation RuntimePlugin
<s> [webpack.Progress] 9% setup compilation InferAsyncModulesPlugin
<s> [webpack.Progress] 9% setup compilation DataUriPlugin
<s> [webpack.Progress] 9% setup compilation FileUriPlugin
<s> [webpack.Progress] 9% setup compilation CompatibilityPlugin
<s> [webpack.Progress] 9% setup compilation HarmonyModulesPlugin
<s> [webpack.Progress] 9% setup compilation AMDPlugin
<s> [webpack.Progress] 9% setup compilation RequireJsStuffPlugin
<s> [webpack.Progress] 9% setup compilation CommonJsPlugin
<s> [webpack.Progress] 9% setup compilation LoaderPlugin
<s> [webpack.Progress] 9% setup compilation LoaderPlugin
<s> [webpack.Progress] 9% setup compilation NodeStuffPlugin
<s> [webpack.Progress] 9% setup compilation APIPlugin
<s> [webpack.Progress] 9% setup compilation ExportsInfoApiPlugin
<s> [webpack.Progress] 9% setup compilation WebpackIsIncludedPlugin
<s> [webpack.Progress] 9% setup compilation ConstPlugin
<s> [webpack.Progress] 9% setup compilation UseStrictPlugin
<s> [webpack.Progress] 9% setup compilation RequireIncludePlugin
<s> [webpack.Progress] 9% setup compilation RequireEnsurePlugin
<s> [webpack.Progress] 9% setup compilation RequireContextPlugin
<s> [webpack.Progress] 9% setup compilation ImportPlugin
<s> [webpack.Progress] 9% setup compilation RequireContextPlugin
<s> [webpack.Progress] 9% setup compilation SystemPlugin
<s> [webpack.Progress] 9% setup compilation ImportMetaPlugin
<s> [webpack.Progress] 9% setup compilation URLPlugin
<s> [webpack.Progress] 9% setup compilation DefaultStatsFactoryPlugin
<s> [webpack.Progress] 9% setup compilation DefaultStatsPresetPlugin
<s> [webpack.Progress] 9% setup compilation DefaultStatsPrinterPlugin
<s> [webpack.Progress] 9% setup compilation JavascriptMetaInfoPlugin
<s> [webpack.Progress] 9% setup compilation EnsureChunkConditionsPlugin
<s> [webpack.Progress] 9% setup compilation RemoveEmptyChunksPlugin
<s> [webpack.Progress] 9% setup compilation MergeDuplicateChunksPlugin
<s> [webpack.Progress] 9% setup compilation FlagIncludedChunksPlugin
<s> [webpack.Progress] 9% setup compilation SideEffectsFlagPlugin
<s> [webpack.Progress] 9% setup compilation FlagDependencyExportsPlugin
<s> [webpack.Progress] 9% setup compilation FlagDependencyUsagePlugin
<s> [webpack.Progress] 9% setup compilation InnerGraphPlugin
<s> [webpack.Progress] 9% setup compilation MangleExportsPlugin
<s> [webpack.Progress] 9% setup compilation ModuleConcatenationPlugin
<s> [webpack.Progress] 9% setup compilation NoEmitOnErrorsPlugin
<s> [webpack.Progress] 9% setup compilation RealContentHashPlugin
<s> [webpack.Progress] 9% setup compilation WasmFinalizeExportsPlugin
<s> [webpack.Progress] 9% setup compilation NamedModuleIdsPlugin
<s> [webpack.Progress] 9% setup compilation DeterministicChunkIdsPlugin
<s> [webpack.Progress] 9% setup compilation DefinePlugin
<s> [webpack.Progress] 9% setup compilation TerserPlugin
<s> [webpack.Progress] 9% setup compilation TemplatedPathPlugin
<s> [webpack.Progress] 9% setup compilation RecordIdsPlugin
<s> [webpack.Progress] 9% setup compilation WarnCaseSensitiveModulesPlugin
<s> [webpack.Progress] 9% setup compilation IgnoreWarningsPlugin
<s> [webpack.Progress] 9% setup compilation
<s> [webpack.Progress] 10% building
<s> [webpack.Progress] 10% building 0/1 entries 0/0 dependencies 0/0 modules
<s> [webpack.Progress] 10% building import loader ../../node_modules/.pnpm/babel-loader@8.2.5_887a5110397f957d9e06dd05497793db/node_modules/babel-loader/lib/index.js
<s> [webpack.Progress] 10% building 0/16 entries 3/16 dependencies 0/3 modules
<s> [webpack.Progress] 10% building import loader ../../node_modules/.pnpm/@storybook+source-loader@6.4.22_react-dom@17.0.2+react@17.0.2/node_modules/@storybook/source-loader/dist/cjs/index.js
<s> [webpack.Progress] 10% building 0/16 entries 53/123 dependencies 2/52 modules
<s> [webpack.Progress] 10% building import loader ../../node_modules/.pnpm/style-loader@2.0.0_webpack@5.72.0/node_modules/style-loader/dist/cjs.js
<s> [webpack.Progress] 10% building import loader ../../node_modules/.pnpm/css-loader@5.2.7_webpack@5.72.0/node_modules/css-loader/dist/cjs.js
<s> [webpack.Progress] 10% building 0/16 entries 393/419 dependencies 4/144 modules
<s> [webpack.Progress] 13% building 1/16 entries 691/841 dependencies 12/264 modules
<s> [webpack.Progress] 13% building 1/16 entries 1928/2000 dependencies 82/739 modules
<s> [webpack.Progress] 13% building 1/16 entries 2671/2700 dependencies 337/856 modules
<s> [webpack.Progress] 16% building 1/16 entries 3695/3900 dependencies 623/920 modules
<s> [webpack.Progress] 18% building 1/16 entries 4800/4895 dependencies 788/1088 modules
<s> [webpack.Progress] 18% building import loader ../../node_modules/.pnpm/babel-loader@8.2.5_a48671a7a0b12e26689d4cec3e702e28/node_modules/babel-loader/lib/index.js
<s> [webpack.Progress] 18% building 1/16 entries 4822/4895 dependencies 792/1092 modules
<s> [webpack.Progress] 21% building 1/16 entries 5856/5900 dependencies 1032/1446 modules
<s> [webpack.Progress] 24% building 2/16 entries 6653/6750 dependencies 1310/1533 modules
<s> [webpack.Progress] 24% building 3/16 entries 6653/6750 dependencies 1311/1533 modules
<s> [webpack.Progress] 24% building 4/16 entries 6653/6750 dependencies 1312/1533 modules
<s> [webpack.Progress] 27% building 5/16 entries 6653/6750 dependencies 1313/1533 modules
<s> [webpack.Progress] 30% building 6/16 entries 6653/6750 dependencies 1314/1533 modules
<s> [webpack.Progress] 34% building 7/16 entries 6653/6750 dependencies 1315/1533 modules
<s> [webpack.Progress] 37% building 8/16 entries 6653/6750 dependencies 1316/1533 modules
<s> [webpack.Progress] 40% building 9/16 entries 6653/6750 dependencies 1317/1533 modules
<s> [webpack.Progress] 44% building 10/16 entries 6939/7006 dependencies 1435/1615 modules
<s> [webpack.Progress] 47% building 11/16 entries 7155/7212 dependencies 1506/1658 modules
<s> [webpack.Progress] 51% building 12/16 entries 7552/7558 dependencies 1688/1725 modules
<s> [webpack.Progress] 54% building 13/16 entries 7552/7558 dependencies 1690/1725 modules
<s> [webpack.Progress] 54% building 13/16 entries 7564/7571 dependencies 1700/1728 modules
<s> [webpack.Progress] 58% building 14/16 entries 7589/7589 dependencies 1723/1739 modules
<s> [webpack.Progress] 61% building 15/16 entries 7589/7589 dependencies 1739/1739 modules
<s> [webpack.Progress] 64% building 16/16 entries 7589/7589 dependencies 1739/1739 modules
<s> [webpack.Progress] 65% building
<s> [webpack.Progress] 69% building finish
<s> [webpack.Progress] 69% building finish
<s> [webpack.Progress] 70% sealing finish module graph
<s> [webpack.Progress] 70% sealing finish module graph ResolverCachePlugin
<s> [webpack.Progress] 70% sealing finish module graph InferAsyncModulesPlugin
<s> [webpack.Progress] 70% sealing finish module graph FlagDependencyExportsPlugin
<s> [webpack.Progress] 70% sealing finish module graph InnerGraphPlugin
<s> [webpack.Progress] 70% sealing finish module graph WasmFinalizeExportsPlugin
<s> [webpack.Progress] 70% sealing finish module graph
<s> [webpack.Progress] 70% sealing plugins
<s> [webpack.Progress] 70% sealing plugins DocGenPlugin
<s> [webpack.Progress] 70% sealing plugins WarnCaseSensitiveModulesPlugin
<s> [webpack.Progress] 70% sealing plugins
<s> [webpack.Progress] 71% sealing dependencies optimization
<s> [webpack.Progress] 71% sealing dependencies optimization SideEffectsFlagPlugin
<s> [webpack.Progress] 71% sealing dependencies optimization FlagDependencyUsagePlugin
<s> [webpack.Progress] 71% sealing dependencies optimization
<s> [webpack.Progress] 71% sealing after dependencies optimization
<s> [webpack.Progress] 71% sealing after dependencies optimization
<s> [webpack.Progress] 72% sealing chunk graph
<s> [webpack.Progress] 72% sealing chunk graph
<s> [webpack.Progress] 73% sealing after chunk graph
<s> [webpack.Progress] 73% sealing after chunk graph
<s> [webpack.Progress] 73% sealing optimizing
<s> [webpack.Progress] 73% sealing optimizing
<s> [webpack.Progress] 74% sealing module optimization
<s> [webpack.Progress] 74% sealing module optimization
<s> [webpack.Progress] 75% sealing after module optimization
<s> [webpack.Progress] 75% sealing after module optimization
<s> [webpack.Progress] 75% sealing chunk optimization
<s> [webpack.Progress] 75% sealing chunk optimization EnsureChunkConditionsPlugin
<s> [webpack.Progress] 75% sealing chunk optimization RemoveEmptyChunksPlugin
<s> [webpack.Progress] 75% sealing chunk optimization MergeDuplicateChunksPlugin
<s> [webpack.Progress] 75% sealing chunk optimization SplitChunksPlugin
<s> [webpack.Progress] 75% sealing chunk optimization RemoveEmptyChunksPlugin
<s> [webpack.Progress] 75% sealing chunk optimization
<s> [webpack.Progress] 76% sealing after chunk optimization
<s> [webpack.Progress] 76% sealing after chunk optimization
<s> [webpack.Progress] 77% sealing module and chunk tree optimization
<s> [webpack.Progress] 77% sealing module and chunk tree optimization PersistentChildCompilerSingletonPlugin
<s> [webpack.Progress] 77% sealing module and chunk tree optimization
<s> [webpack.Progress] 77% sealing after module and chunk tree optimization
<s> [webpack.Progress] 77% sealing after module and chunk tree optimization
<s> [webpack.Progress] 78% sealing chunk modules optimization
<s> [webpack.Progress] 78% sealing chunk modules optimization ModuleConcatenationPlugin
<s> [webpack.Progress] 78% sealing chunk modules optimization
<s> [webpack.Progress] 78% sealing after chunk modules optimization
<s> [webpack.Progress] 78% sealing after chunk modules optimization
<s> [webpack.Progress] 79% sealing module reviving
<s> [webpack.Progress] 79% sealing module reviving RecordIdsPlugin
<s> [webpack.Progress] 79% sealing module reviving
<s> [webpack.Progress] 80% sealing before module ids
<s> [webpack.Progress] 80% sealing before module ids
<s> [webpack.Progress] 80% sealing module ids
<s> [webpack.Progress] 80% sealing module ids NamedModuleIdsPlugin
<s> [webpack.Progress] 80% sealing module ids
<s> [webpack.Progress] 81% sealing module id optimization
<s> [webpack.Progress] 81% sealing module id optimization
<s> [webpack.Progress] 82% sealing module id optimization
<s> [webpack.Progress] 82% sealing module id optimization
<s> [webpack.Progress] 82% sealing chunk reviving
<s> [webpack.Progress] 82% sealing chunk reviving RecordIdsPlugin
<s> [webpack.Progress] 82% sealing chunk reviving
<s> [webpack.Progress] 83% sealing before chunk ids
<s> [webpack.Progress] 83% sealing before chunk ids
<s> [webpack.Progress] 84% sealing chunk ids
<s> [webpack.Progress] 84% sealing chunk ids DeterministicChunkIdsPlugin
<s> [webpack.Progress] 84% sealing chunk ids
<s> [webpack.Progress] 84% sealing chunk id optimization
<s> [webpack.Progress] 84% sealing chunk id optimization FlagIncludedChunksPlugin
<s> [webpack.Progress] 84% sealing chunk id optimization
<s> [webpack.Progress] 85% sealing after chunk id optimization
<s> [webpack.Progress] 85% sealing after chunk id optimization
<s> [webpack.Progress] 86% sealing record modules
<s> [webpack.Progress] 86% sealing record modules RecordIdsPlugin
<s> [webpack.Progress] 86% sealing record modules
<s> [webpack.Progress] 86% sealing record chunks
<s> [webpack.Progress] 86% sealing record chunks RecordIdsPlugin
<s> [webpack.Progress] 86% sealing record chunks
<s> [webpack.Progress] 87% sealing module hashing
<s> [webpack.Progress] 87% sealing module hashing
<s> [webpack.Progress] 87% sealing code generation
<s> [webpack.Progress] 87% sealing code generation
<s> [webpack.Progress] 88% sealing runtime requirements
<s> [webpack.Progress] 88% sealing runtime requirements
<s> [webpack.Progress] 89% sealing hashing
<s> [webpack.Progress] 89% sealing hashing
<s> [webpack.Progress] 89% sealing after hashing
<s> [webpack.Progress] 89% sealing after hashing
<s> [webpack.Progress] 90% sealing record hash
<s> [webpack.Progress] 90% sealing record hash
<s> [webpack.Progress] 91% sealing module assets processing
<s> [webpack.Progress] 91% sealing module assets processing
<s> [webpack.Progress] 91% sealing chunk assets processing
<s> [webpack.Progress] 91% sealing chunk assets processing
<s> [webpack.Progress] 92% sealing asset processing
<s> [webpack.Progress] 92% sealing asset processing PersistentChildCompilerSingletonPlugin
<s> [webpack.Progress] 92% sealing asset processing TerserPlugin
info => Manager built (9.49 s)
<s> [webpack.Progress] 92% sealing asset processing SourceMapDevToolPlugin
<s> [webpack.Progress] 92% sealing asset processing SourceMapDevToolPlugin
<s> [webpack.Progress] 92% sealing asset processing SourceMapDevToolPlugin main.d1f4e6b4.iframe.bundle.js generate SourceMap
<s> [webpack.Progress] 92% sealing asset processing SourceMapDevToolPlugin main.d1f4e6b4.iframe.bundle.js generated SourceMap
<s> [webpack.Progress] 92% sealing asset processing SourceMapDevToolPlugin runtime~main.420fd737.iframe.bundle.js generate SourceMap
<s> [webpack.Progress] 92% sealing asset processing SourceMapDevToolPlugin runtime~main.420fd737.iframe.bundle.js generated SourceMap
<s> [webpack.Progress] 92% sealing asset processing SourceMapDevToolPlugin 181.f5d91b6e.iframe.bundle.js generate SourceMap
<s> [webpack.Progress] 92% sealing asset processing SourceMapDevToolPlugin 181.f5d91b6e.iframe.bundle.js generated SourceMap
<s> [webpack.Progress] 92% sealing asset processing SourceMapDevToolPlugin 160.31831695.iframe.bundle.js generate SourceMap
<s> [webpack.Progress] 92% sealing asset processing SourceMapDevToolPlugin 160.31831695.iframe.bundle.js generated SourceMap
<s> [webpack.Progress] 92% sealing asset processing SourceMapDevToolPlugin 912.7a8e9600.iframe.bundle.js generate SourceMap
<s> [webpack.Progress] 92% sealing asset processing SourceMapDevToolPlugin 912.7a8e9600.iframe.bundle.js generated SourceMap
<s> [webpack.Progress] 92% sealing asset processing SourceMapDevToolPlugin 49.a3b56f8c.iframe.bundle.js generate SourceMap
<s> [webpack.Progress] 92% sealing asset processing SourceMapDevToolPlugin 49.a3b56f8c.iframe.bundle.js generated SourceMap
<s> [webpack.Progress] 92% sealing asset processing SourceMapDevToolPlugin 116.04a050d8.iframe.bundle.js generate SourceMap
<s> [webpack.Progress] 92% sealing asset processing SourceMapDevToolPlugin 116.04a050d8.iframe.bundle.js generated SourceMap
<s> [webpack.Progress] 92% sealing asset processing SourceMapDevToolPlugin 322.4adf3b73.iframe.bundle.js generate SourceMap
<s> [webpack.Progress] 92% sealing asset processing SourceMapDevToolPlugin 322.4adf3b73.iframe.bundle.js generated SourceMap
<s> [webpack.Progress] 92% sealing asset processing SourceMapDevToolPlugin 55.5f35a53b.iframe.bundle.js generate SourceMap
<s> [webpack.Progress] 92% sealing asset processing SourceMapDevToolPlugin 55.5f35a53b.iframe.bundle.js generated SourceMap
<s> [webpack.Progress] 92% sealing asset processing SourceMapDevToolPlugin resolve sources
<s> [webpack.Progress] 92% sealing asset processing SourceMapDevToolPlugin 55.5f35a53b.iframe.bundle.js attach SourceMap
<s> [webpack.Progress] 92% sealing asset processing SourceMapDevToolPlugin 55.5f35a53b.iframe.bundle.js attached SourceMap
<s> [webpack.Progress] 92% sealing asset processing SourceMapDevToolPlugin
<s> [webpack.Progress] 92% sealing asset processing SourceMapDevToolPlugin
<s> [webpack.Progress] 92% sealing asset processing SourceMapDevToolPlugin resolve sources
<s> [webpack.Progress] 92% sealing asset processing SourceMapDevToolPlugin
<s> [webpack.Progress] 92% sealing asset processing HtmlWebpackPlugin
<s> [webpack.Progress] 92% sealing asset processing HtmlWebpackPlugin
<s> [webpack.Progress] 92% sealing asset processing HtmlWebpackPlugin resolve sources
<s> [webpack.Progress] 92% sealing asset processing HtmlWebpackPlugin
<s> [webpack.Progress] 92% sealing asset processing RealContentHashPlugin
<s> [webpack.Progress] 92% sealing asset processing RealContentHashPlugin
<s> [webpack.Progress] 92% sealing asset processing RealContentHashPlugin main.6f3508c5.iframe.bundle.js generate SourceMap
<s> [webpack.Progress] 92% sealing asset processing RealContentHashPlugin main.6f3508c5.iframe.bundle.js generated SourceMap
<s> [webpack.Progress] 92% sealing asset processing RealContentHashPlugin runtime~main.b5cdf229.iframe.bundle.js generate SourceMap
<s> [webpack.Progress] 92% sealing asset processing RealContentHashPlugin runtime~main.b5cdf229.iframe.bundle.js generated SourceMap
<s> [webpack.Progress] 92% sealing asset processing RealContentHashPlugin 181.1db38c9d.iframe.bundle.js generate SourceMap
<s> [webpack.Progress] 92% sealing asset processing RealContentHashPlugin 181.1db38c9d.iframe.bundle.js generated SourceMap
<s> [webpack.Progress] 92% sealing asset processing RealContentHashPlugin 912.c13dcb06.iframe.bundle.js generate SourceMap
<s> [webpack.Progress] 92% sealing asset processing RealContentHashPlugin 912.c13dcb06.iframe.bundle.js generated SourceMap
<s> [webpack.Progress] 92% sealing asset processing RealContentHashPlugin 116.5906bf8e.iframe.bundle.js generate SourceMap
<s> [webpack.Progress] 92% sealing asset processing RealContentHashPlugin 116.5906bf8e.iframe.bundle.js generated SourceMap
<s> [webpack.Progress] 92% sealing asset processing RealContentHashPlugin 322.e17b9e94.iframe.bundle.js generate SourceMap
<s> [webpack.Progress] 92% sealing asset processing RealContentHashPlugin 322.e17b9e94.iframe.bundle.js generated SourceMap
<s> [webpack.Progress] 92% sealing asset processing RealContentHashPlugin 160.371a0d5c.iframe.bundle.js generate SourceMap
<s> [webpack.Progress] 92% sealing asset processing RealContentHashPlugin 160.371a0d5c.iframe.bundle.js generated SourceMap
<s> [webpack.Progress] 92% sealing asset processing RealContentHashPlugin 49.20d0cd82.iframe.bundle.js generate SourceMap
<s> [webpack.Progress] 92% sealing asset processing RealContentHashPlugin 49.20d0cd82.iframe.bundle.js generated SourceMap
<s> [webpack.Progress] 92% sealing asset processing RealContentHashPlugin resolve sources
<s> [webpack.Progress] 92% sealing asset processing RealContentHashPlugin
<s> [webpack.Progress] 92% sealing asset processing
<s> [webpack.Progress] 93% sealing after asset optimization
<s> [webpack.Progress] 93% sealing after asset optimization
<s> [webpack.Progress] 93% sealing recording
<s> [webpack.Progress] 93% sealing recording
<s> [webpack.Progress] 94% sealing after seal
<s> [webpack.Progress] 94% sealing after seal
<s> [webpack.Progress] 95% emitting emit
<s> [webpack.Progress] 95% emitting emit
<s> [webpack.Progress] 98% emitting after emit
<s> [webpack.Progress] 98% emitting after emit SizeLimitsPlugin
<s> [webpack.Progress] 98% emitting after emit
<s> [webpack.Progress] 99% done plugins
<s> [webpack.Progress] 99% done plugins CaseSensitivePathsPlugin
<s> [webpack.Progress] 99% done plugins
<s> [webpack.Progress] 99% 

<s> [webpack.Progress] 99% cache store build dependencies
<s> [webpack.Progress] 99% cache store build dependencies
<s> [webpack.Progress] 99% cache begin idle
<s> [webpack.Progress] 99% cache begin idle
<s> [webpack.Progress] 100% 

info => Preview built (13 s)
WARN export 'Form' (imported as 'Form') was not found in '@open-decision/design-system' (possible exports: Badge, Box, Button, Checkbox, Combobox, ContextMenu, ControlledInput, Cover, Dialog, DropdownMenu, ErrorList, ErrorMessage, Field, FlippableCard, Gallery, Grid, Header, Heading, HeadingGroup, HoverCard, Icon, InlineInput, Input, InputWithButton, Label, Link, LoadingSpinner, Popover, RadioButtons, Reel, Row, ScrollArea, Stack, SubmitButton, Switch, Tabs, Text, Textarea, ToggleButton, ToggleGroup, Tooltip, ValidationMessage, activeStyle, aliasColor, alignByContent, badeStyles, baseLinkStyles, buttonStyles, center, config, createScaleVariant, createStitches, createTheme, css, darkTheme, defaultTheme, defaultThemeMap, designSystem, disabledStyle, emailRegex, focusStyle, focusStyleWithin, gap, getCssText, globalCss, globalStyles, headingStyles, hoverStyle, iconStyles, intentStyle, intentStyleWithin, keyframes, labelStyles, padding, styled, textStyles, theme, useForm, useFormContext, useInputGroup, useWatch, visuallyHidden)
WARN export 'Form' (imported as 'Form') was not found in '@open-decision/design-system' (possible exports: Badge, Box, Button, Checkbox, Combobox, ContextMenu, ControlledInput, Cover, Dialog, DropdownMenu, ErrorList, ErrorMessage, Field, FlippableCard, Gallery, Grid, Header, Heading, HeadingGroup, HoverCard, Icon, InlineInput, Input, InputWithButton, Label, Link, LoadingSpinner, Popover, RadioButtons, Reel, Row, ScrollArea, Stack, SubmitButton, Switch, Tabs, Text, Textarea, ToggleButton, ToggleGroup, Tooltip, ValidationMessage, activeStyle, aliasColor, alignByContent, badeStyles, baseLinkStyles, buttonStyles, center, config, createScaleVariant, createStitches, createTheme, css, darkTheme, defaultTheme, defaultThemeMap, designSystem, disabledStyle, emailRegex, focusStyle, focusStyleWithin, gap, getCssText, globalCss, globalStyles, headingStyles, hoverStyle, iconStyles, intentStyle, intentStyleWithin, keyframes, labelStyles, padding, styled, textStyles, theme, useForm, useFormContext, useInputGroup, useWatch, visuallyHidden)
WARN export 'ContactButtons' (imported as 'SystemContactButtons') was not found in '@open-decision/design-system' (possible exports: Badge, Box, Button, Checkbox, Combobox, ContextMenu, ControlledInput, Cover, Dialog, DropdownMenu, ErrorList, ErrorMessage, Field, FlippableCard, Gallery, Grid, Header, Heading, HeadingGroup, HoverCard, Icon, InlineInput, Input, InputWithButton, Label, Link, LoadingSpinner, Popover, RadioButtons, Reel, Row, ScrollArea, Stack, SubmitButton, Switch, Tabs, Text, Textarea, ToggleButton, ToggleGroup, Tooltip, ValidationMessage, activeStyle, aliasColor, alignByContent, badeStyles, baseLinkStyles, buttonStyles, center, config, createScaleVariant, createStitches, createTheme, css, darkTheme, defaultTheme, defaultThemeMap, designSystem, disabledStyle, emailRegex, focusStyle, focusStyleWithin, gap, getCssText, globalCss, globalStyles, headingStyles, hoverStyle, iconStyles, intentStyle, intentStyleWithin, keyframes, labelStyles, padding, styled, textStyles, theme, useForm, useFormContext, useInputGroup, useWatch, visuallyHidden)
WARN export 'ContactButtons' (imported as 'SystemContactButtons') was not found in '@open-decision/design-system' (possible exports: Badge, Box, Button, Checkbox, Combobox, ContextMenu, ControlledInput, Cover, Dialog, DropdownMenu, ErrorList, ErrorMessage, Field, FlippableCard, Gallery, Grid, Header, Heading, HeadingGroup, HoverCard, Icon, InlineInput, Input, InputWithButton, Label, Link, LoadingSpinner, Popover, RadioButtons, Reel, Row, ScrollArea, Stack, SubmitButton, Switch, Tabs, Text, Textarea, ToggleButton, ToggleGroup, Tooltip, ValidationMessage, activeStyle, aliasColor, alignByContent, badeStyles, baseLinkStyles, buttonStyles, center, config, createScaleVariant, createStitches, createTheme, css, darkTheme, defaultTheme, defaultThemeMap, designSystem, disabledStyle, emailRegex, focusStyle, focusStyleWithin, gap, getCssText, globalCss, globalStyles, headingStyles, hoverStyle, iconStyles, intentStyle, intentStyleWithin, keyframes, labelStyles, padding, styled, textStyles, theme, useForm, useFormContext, useInputGroup, useWatch, visuallyHidden)
WARN export 'ContactButtons' (imported as 'SystemContactButtons') was not found in '@open-decision/design-system' (possible exports: Badge, Box, Button, Checkbox, Combobox, ContextMenu, ControlledInput, Cover, Dialog, DropdownMenu, ErrorList, ErrorMessage, Field, FlippableCard, Gallery, Grid, Header, Heading, HeadingGroup, HoverCard, Icon, InlineInput, Input, InputWithButton, Label, Link, LoadingSpinner, Popover, RadioButtons, Reel, Row, ScrollArea, Stack, SubmitButton, Switch, Tabs, Text, Textarea, ToggleButton, ToggleGroup, Tooltip, ValidationMessage, activeStyle, aliasColor, alignByContent, badeStyles, baseLinkStyles, buttonStyles, center, config, createScaleVariant, createStitches, createTheme, css, darkTheme, defaultTheme, defaultThemeMap, designSystem, disabledStyle, emailRegex, focusStyle, focusStyleWithin, gap, getCssText, globalCss, globalStyles, headingStyles, hoverStyle, iconStyles, intentStyle, intentStyleWithin, keyframes, labelStyles, padding, styled, textStyles, theme, useForm, useFormContext, useInputGroup, useWatch, visuallyHidden)
WARN export 'Form' (imported as 'Form') was not found in '@open-decision/design-system' (possible exports: Badge, Box, Button, Checkbox, Combobox, ContextMenu, ControlledInput, Cover, Dialog, DropdownMenu, ErrorList, ErrorMessage, Field, FlippableCard, Gallery, Grid, Header, Heading, HeadingGroup, HoverCard, Icon, InlineInput, Input, InputWithButton, Label, Link, LoadingSpinner, Popover, RadioButtons, Reel, Row, ScrollArea, Stack, SubmitButton, Switch, Tabs, Text, Textarea, ToggleButton, ToggleGroup, Tooltip, ValidationMessage, activeStyle, aliasColor, alignByContent, badeStyles, baseLinkStyles, buttonStyles, center, config, createScaleVariant, createStitches, createTheme, css, darkTheme, defaultTheme, defaultThemeMap, designSystem, disabledStyle, emailRegex, focusStyle, focusStyleWithin, gap, getCssText, globalCss, globalStyles, headingStyles, hoverStyle, iconStyles, intentStyle, intentStyleWithin, keyframes, labelStyles, padding, styled, textStyles, theme, useForm, useFormContext, useInputGroup, useWatch, visuallyHidden)
WARN asset size limit: The following asset(s) exceed the recommended size limit (244 KiB).
WARN This can impact web performance.
WARN Assets: 
WARN   main.6f3508c5.iframe.bundle.js (497 KiB)
WARN   55.8567342b.iframe.bundle.js (2.67 MiB)
WARN entrypoint size limit: The following entrypoint(s) combined asset size exceeds the recommended limit (244 KiB). This can impact web performance.
WARN Entrypoints:
WARN   main (3.16 MiB)
WARN       runtime~main.b5cdf229.iframe.bundle.js
WARN       55.8567342b.iframe.bundle.js
WARN       main.6f3508c5.iframe.bundle.js
WARN 
<s> [webpack.Progress] 99% cache shutdown
<s> [webpack.Progress] 99% cache shutdown
<s> [webpack.Progress] 100% 

info => Output directory: /var/folders/1g/0b1k7hd1185drlzhkhmv49b00000gn/T/chromatic--8855-bYi6Un1wpfko
