{
  "0 debug pnpm:scope": {
    "selected": 1,
    "workspacePrefix": "/Users/philippgarbowsky/Projects/Open Decision"
  },
  "1 error pnpm": {
    "errno": 1,
    "code": "ELIFECYCLE",
    "pkgid": "open-decision@0.0.1",
    "stage": "build",
    "script": "pnpm run build --recursive",
    "pkgname": "open-decision",
    "err": {
      "name": "pnpm",
      "message": "open-decision@0.0.1 build: `pnpm run build --recursive`\nExit status 1",
      "code": "ELIFECYCLE",
      "stack": "pnpm: open-decision@0.0.1 build: `pnpm run build --recursive`\nExit status 1\n    at EventEmitter.<anonymous> (/Users/philippgarbowsky/.volta/tools/image/node/14.19.0/pnpm-global/5/node_modules/.pnpm/pnpm@6.32.1/node_modules/pnpm/dist/pnpm.cjs:105685:20)\n    at EventEmitter.emit (node:events:520:28)\n    at ChildProcess.<anonymous> (/Users/philippgarbowsky/.volta/tools/image/node/14.19.0/pnpm-global/5/node_modules/.pnpm/pnpm@6.32.1/node_modules/pnpm/dist/pnpm.cjs:92232:18)\n    at ChildProcess.emit (node:events:520:28)\n    at maybeClose (node:internal/child_process:1090:16)\n    at Process.ChildProcess._handle.onexit (node:internal/child_process:302:5)"
    }
  }
}